[2026-03-17T07:12:20.049Z] GET http://localhost:3000/ → 200 (52ms, 40248B)
[2026-03-17T07:12:20.114Z] GET http://localhost:3000/_next/static/media/5f402bd2d8eef81a-s.p.b72f0478.woff2 → 200 (10ms, 58152B)
[2026-03-17T07:12:20.114Z] GET http://localhost:3000/_next/static/media/a343f882a40d2cc9-s.p.71e1367e.woff2 → 200 (11ms, 24576B)
[2026-03-17T07:12:20.114Z] GET http://localhost:3000/_next/static/chunks/%5Broot-of-the-server%5D__6d41bae8._.css → 200 (2ms, 71458B)
[2026-03-17T07:12:20.114Z] GET http://localhost:3000/_next/static/chunks/%5Bturbopack%5D_browser_dev_hmr-client_hmr-client_ts_956a0d3a._.js → 200 (13ms, 671B)
[2026-03-17T07:12:20.115Z] GET http://localhost:3000/_next/static/chunks/node_modules_next_dist_compiled_react-dom_1e674e59._.js → 200 (76ms, 1047866B)
[2026-03-17T07:12:20.115Z] GET http://localhost:3000/_next/static/chunks/node_modules_next_dist_compiled_react-server-dom-turbopack_9212ccad._.js → 200 (69ms, 171046B)
[2026-03-17T07:12:20.115Z] GET http://localhost:3000/_next/static/chunks/node_modules_next_dist_compiled_next-devtools_index_1dd7fb59.js → 200 (77ms, 816065B)
[2026-03-17T07:12:20.115Z] GET http://localhost:3000/_next/static/chunks/node_modules_next_dist_compiled_a0e4c7b4._.js → 200 (70ms, 144411B)
[2026-03-17T07:12:20.115Z] GET http://localhost:3000/_next/static/chunks/node_modules_next_dist_client_17643121._.js → 200 (74ms, 621043B)
[2026-03-17T07:12:20.115Z] GET http://localhost:3000/_next/static/chunks/node_modules_next_dist_f3530cac._.js → 200 (70ms, 208383B)
[2026-03-17T07:12:20.115Z] GET http://localhost:3000/_next/static/chunks/node_modules_%40swc_helpers_cjs_d80fb378._.js → 200 (70ms, 1979B)
[2026-03-17T07:12:20.115Z] GET http://localhost:3000/_next/static/chunks/_a0ff3932._.js → 200 (70ms, 783B)
[2026-03-17T07:12:20.115Z] GET http://localhost:3000/_next/static/chunks/turbopack-_23a915ee._.js → 200 (73ms, 74970B)
[2026-03-17T07:12:20.115Z] GET http://localhost:3000/_next/static/chunks/node_modules_next_dist_be32b49c._.js → 200 (73ms, 126668B)
[2026-03-17T07:12:20.115Z] GET http://localhost:3000/_next/static/chunks/src_app_favicon_ico_mjs_81d86e48._.js → 200 (73ms, 262B)
[2026-03-17T07:12:20.115Z] GET http://localhost:3000/_next/static/chunks/node_modules_37ac4981._.js → 200 (76ms, 492576B)
[2026-03-17T07:12:20.115Z] GET http://localhost:3000/_next/static/chunks/src_app_providers_tsx_9c18dcf0._.js → 200 (74ms, 3749B)
[2026-03-17T07:12:20.115Z] GET http://localhost:3000/_next/static/chunks/src_app_layout_tsx_1cf6b850._.js → 200 (74ms, 363B)
[2026-03-17T07:12:20.115Z] GET http://localhost:3000/_next/static/chunks/node_modules_5e3c1c7e._.js → 200 (76ms, 254079B)
[2026-03-17T07:12:20.115Z] GET http://localhost:3000/_next/static/chunks/src_2bf0624e._.js → 200 (75ms, 6741B)
[2026-03-17T07:12:20.115Z] GET http://localhost:3000/_next/static/chunks/src_app_page_tsx_c4469048._.js → 200 (75ms, 289B)
[2026-03-17T07:12:20.115Z] GET http://localhost:3000/_next/static/chunks/node_modules_next_dist_client_components_builtin_global-error_1cf6b850.js → 200 (76ms, 206B)
[2026-03-17T07:12:20.282Z] GET http://localhost:3000/_next/static/chunks/%5Bturbopack%5D_browser_dev_hmr-client_hmr-client_ts_c8c997ce._.js → 200 (64ms, 15433B)
[2026-03-17T07:12:20.282Z] GET http://localhost:3000/_next/static/chunks/%5Bturbopack%5D_browser_dev_hmr-client_hmr-client_ts_c7192189._.js → 200 (64ms, 288B)
[2026-03-17T07:12:39.435Z] GET http://localhost:3000/sign-up → pending (?ms, ?B)
[2026-03-17T07:12:40.044Z] GET http://localhost:3000/_next/static/media/5f402bd2d8eef81a-s.p.b72f0478.woff2 → 200 (?ms, ?B)
[2026-03-17T07:12:40.045Z] GET http://localhost:3000/_next/static/media/a343f882a40d2cc9-s.p.71e1367e.woff2 → 200 (?ms, ?B)
[2026-03-17T07:12:40.046Z] GET http://localhost:3000/_next/static/chunks/%5Broot-of-the-server%5D__6d41bae8._.css → 200 (9ms, 71458B)
[2026-03-17T07:12:40.048Z] GET http://localhost:3000/_next/static/chunks/%5Bturbopack%5D_browser_dev_hmr-client_hmr-client_ts_956a0d3a._.js → 200 (6ms, 671B)
[2026-03-17T07:12:40.048Z] GET http://localhost:3000/_next/static/chunks/node_modules_next_dist_compiled_react-dom_1e674e59._.js → 200 (66ms, 1047866B)
[2026-03-17T07:12:40.048Z] GET http://localhost:3000/_next/static/chunks/node_modules_next_dist_compiled_react-server-dom-turbopack_9212ccad._.js → 200 (38ms, 171046B)
[2026-03-17T07:12:40.048Z] GET http://localhost:3000/_next/static/chunks/node_modules_next_dist_compiled_next-devtools_index_1dd7fb59.js → 200 (66ms, 816065B)
[2026-03-17T07:12:40.048Z] GET http://localhost:3000/_next/static/chunks/node_modules_next_dist_compiled_a0e4c7b4._.js → 200 (39ms, 144411B)
[2026-03-17T07:12:40.048Z] GET http://localhost:3000/_next/static/chunks/node_modules_next_dist_client_17643121._.js → 200 (47ms, 621043B)
[2026-03-17T07:12:40.048Z] GET http://localhost:3000/_next/static/chunks/node_modules_next_dist_f3530cac._.js → 200 (41ms, 208383B)
[2026-03-17T07:12:40.048Z] GET http://localhost:3000/_next/static/chunks/node_modules_%40swc_helpers_cjs_d80fb378._.js → 200 (40ms, 1979B)
[2026-03-17T07:12:40.048Z] GET http://localhost:3000/_next/static/chunks/_a0ff3932._.js → 200 (40ms, 783B)
[2026-03-17T07:12:40.048Z] GET http://localhost:3000/_next/static/chunks/turbopack-_23a915ee._.js → 200 (41ms, 74970B)
[2026-03-17T07:12:40.048Z] GET http://localhost:3000/_next/static/chunks/node_modules_next_dist_be32b49c._.js → 200 (41ms, 126668B)
[2026-03-17T07:12:40.048Z] GET http://localhost:3000/_next/static/chunks/src_app_favicon_ico_mjs_81d86e48._.js → 200 (42ms, 262B)
[2026-03-17T07:12:40.048Z] GET http://localhost:3000/_next/static/chunks/node_modules_37ac4981._.js → 200 (66ms, 492576B)
[2026-03-17T07:12:40.048Z] GET http://localhost:3000/_next/static/chunks/src_app_providers_tsx_9c18dcf0._.js → 200 (42ms, 3749B)
[2026-03-17T07:12:40.048Z] GET http://localhost:3000/_next/static/chunks/src_app_layout_tsx_1cf6b850._.js → 200 (42ms, 363B)
[2026-03-17T07:12:40.048Z] GET http://localhost:3000/_next/static/chunks/node_modules_bf51fe24._.js → 200 (67ms, 453872B)
[2026-03-17T07:12:40.048Z] GET http://localhost:3000/_next/static/chunks/src_697c3315._.js → 200 (47ms, 25632B)
[2026-03-17T07:12:40.048Z] GET http://localhost:3000/_next/static/chunks/src_app_sign-up_%5B%5B___sign-up%5D%5D_page_tsx_c4469048._.js → 200 (56ms, 289B)
[2026-03-17T07:12:40.048Z] GET http://localhost:3000/_next/static/chunks/node_modules_next_dist_client_components_builtin_global-error_1cf6b850.js → 200 (57ms, 206B)
[2026-03-17T07:12:40.121Z] GET http://localhost:3000/_next/static/chunks/%5Bturbopack%5D_browser_dev_hmr-client_hmr-client_ts_c8c997ce._.js → 200 (47ms, 15433B)
[2026-03-17T07:12:40.122Z] GET http://localhost:3000/_next/static/chunks/%5Bturbopack%5D_browser_dev_hmr-client_hmr-client_ts_c7192189._.js → 200 (41ms, 288B)
[2026-03-17T07:13:15.857Z] POST http://localhost:3000/api/auth → pending (?ms, ?B)
[2026-03-17T07:13:17.108Z] POST http://localhost:3000/sign-up → 307 (475ms, ?B)
[2026-03-17T07:13:17.538Z] GET http://localhost:3000/__nextjs_font/geist-latin.woff2 → 200 (10ms, 28356B)
[2026-03-17T07:13:17.583Z] POST http://localhost:3000/app → pending (?ms, ?B)
[2026-03-17T07:13:18.755Z] GET http://localhost:3000/_next/static/chunks/node_modules_3d332450._.js → 200 (21ms, 346018B)
[2026-03-17T07:13:18.755Z] GET http://localhost:3000/_next/static/chunks/_c5d8c4b7._.js → 200 (13ms, 40061B)
[2026-03-17T07:13:18.756Z] GET http://localhost:3000/_next/static/chunks/src_app_app_layout_tsx_c4469048._.js → 200 (11ms, 286B)
[2026-03-17T07:13:18.756Z] GET http://localhost:3000/_next/static/chunks/_41b4e934._.js → 200 (13ms, 48427B)
[2026-03-17T07:13:18.756Z] GET http://localhost:3000/_next/static/chunks/src_app_app_page_tsx_f56eeb8a._.js → 200 (12ms, 240B)
[2026-03-17T07:13:18.765Z] GET http://localhost:3000/onboarding?_rsc=1dqmx → pending (?ms, ?B)
[2026-03-17T07:13:19.451Z] GET http://localhost:3000/_next/static/chunks/node_modules_9cbaed03._.js → 200 (39ms, 589333B)
[2026-03-17T07:13:19.451Z] GET http://localhost:3000/_next/static/chunks/_41ddaf86._.js → 200 (17ms, 67699B)
[2026-03-17T07:13:19.451Z] GET http://localhost:3000/_next/static/chunks/src_app_onboarding_page_tsx_c4469048._.js → 200 (15ms, 286B)
[2026-03-17T07:13:19.505Z] GET http://localhost:3000/_next/static/chunks/node_modules_9cbaed03._.js → 200 (12ms, 589333B)
[2026-03-17T07:13:19.505Z] GET http://localhost:3000/_next/static/chunks/_41ddaf86._.js → 200 (10ms, 67699B)
[2026-03-17T07:13:19.505Z] GET http://localhost:3000/_next/static/chunks/src_app_onboarding_page_tsx_c4469048._.js → 200 (10ms, 286B)
[2026-03-17T07:13:20.019Z] POST http://localhost:3000/api/auth → 200 (374ms, 642B)
[2026-03-17T07:16:56.586Z] GET http://localhost:3000/app?_rsc=l2yg0 → pending (?ms, ?B)
[2026-03-17T07:16:56.587Z] GET http://localhost:3000/app?_rsc=l2yg0 → pending (?ms, ?B)
[2026-03-17T07:16:58.114Z] GET http://localhost:3000/_next/static/chunks/node_modules_3d332450._.js → 200 (11ms, 346018B)
[2026-03-17T07:16:58.114Z] GET http://localhost:3000/_next/static/chunks/_c5d8c4b7._.js → 200 (9ms, 40061B)
[2026-03-17T07:16:58.115Z] GET http://localhost:3000/_next/static/chunks/src_app_app_layout_tsx_c4469048._.js → 200 (7ms, 286B)
[2026-03-17T07:16:58.115Z] GET http://localhost:3000/_next/static/chunks/_41b4e934._.js → 200 (10ms, 48427B)
[2026-03-17T07:16:58.116Z] GET http://localhost:3000/_next/static/chunks/src_app_app_page_tsx_f56eeb8a._.js → 200 (7ms, 240B)
[2026-03-17T07:17:54.000Z] GET http://localhost:3000/app/j979kjvfnrr1zfdnekpq8dqjnh832k51?_rsc=1bajn → pending (?ms, ?B)
[2026-03-17T07:18:04.258Z] GET http://localhost:3000/_next/static/chunks/src_62b565bb._.js → 200 (8ms, 148695B)
[2026-03-17T07:18:04.259Z] GET http://localhost:3000/_next/static/chunks/node_modules_5c4e19d6._.js → 200 (18ms, 720733B)
[2026-03-17T07:18:04.259Z] GET http://localhost:3000/_next/static/chunks/src_app_app_%5BpostId%5D_page_tsx_f56eeb8a._.js → 200 (7ms, 289B)
[2026-03-17T07:18:04.494Z] GET http://localhost:3000/_next/static/chunks/src_62b565bb._.js → 200 (32ms, 148695B)
[2026-03-17T07:18:04.495Z] GET http://localhost:3000/_next/static/chunks/node_modules_5c4e19d6._.js → 200 (156ms, 720733B)
[2026-03-17T07:18:04.503Z] GET http://localhost:3000/_next/static/chunks/src_app_app_%5BpostId%5D_page_tsx_f56eeb8a._.js → 200 (21ms, 289B)
[2026-03-17T07:23:23.372Z] POST http://localhost:3000/__nextjs_original-stack-frames → 200 (75ms, 2213B)
[2026-03-17T07:25:05.949Z] GET http://localhost:3000/app/j979kjvfnrr1zfdnekpq8dqjnh832k51 → pending (?ms, ?B)
[2026-03-17T07:25:07.535Z] GET http://localhost:3000/_next/static/media/5f402bd2d8eef81a-s.p.b72f0478.woff2 → 200 (3ms, ?B)
[2026-03-17T07:25:07.538Z] GET http://localhost:3000/_next/static/media/a343f882a40d2cc9-s.p.71e1367e.woff2 → 200 (?ms, ?B)
[2026-03-17T07:25:07.538Z] GET http://localhost:3000/_next/static/chunks/%5Broot-of-the-server%5D__6d41bae8._.css → 200 (2ms, 71458B)
[2026-03-17T07:25:07.538Z] GET http://localhost:3000/_next/static/chunks/%5Bturbopack%5D_browser_dev_hmr-client_hmr-client_ts_956a0d3a._.js → 200 (2ms, 671B)
[2026-03-17T07:25:07.539Z] GET http://localhost:3000/_next/static/chunks/node_modules_next_dist_compiled_react-dom_1e674e59._.js → pending (?ms, ?B)
[2026-03-17T07:25:07.539Z] GET http://localhost:3000/_next/static/chunks/node_modules_next_dist_compiled_react-server-dom-turbopack_9212ccad._.js → 200 (30ms, ?B)
[2026-03-17T07:25:07.539Z] GET http://localhost:3000/_next/static/chunks/node_modules_next_dist_compiled_next-devtools_index_1dd7fb59.js → pending (?ms, ?B)
[2026-03-17T07:25:07.539Z] GET http://localhost:3000/_next/static/chunks/node_modules_next_dist_compiled_a0e4c7b4._.js → 200 (33ms, ?B)
[2026-03-17T07:25:07.539Z] GET http://localhost:3000/_next/static/chunks/node_modules_next_dist_client_17643121._.js → pending (?ms, ?B)
[2026-03-17T07:25:07.539Z] GET http://localhost:3000/_next/static/chunks/node_modules_next_dist_f3530cac._.js → 200 (34ms, ?B)
[2026-03-17T07:25:07.539Z] GET http://localhost:3000/_next/static/chunks/node_modules_%40swc_helpers_cjs_d80fb378._.js → 200 (32ms, ?B)
[2026-03-17T07:25:07.539Z] GET http://localhost:3000/_next/static/chunks/_a0ff3932._.js → 200 (34ms, ?B)
[2026-03-17T07:25:07.539Z] GET http://localhost:3000/_next/static/chunks/turbopack-_23a915ee._.js → 200 (49ms, ?B)
[2026-03-17T07:25:07.539Z] GET http://localhost:3000/_next/static/chunks/node_modules_next_dist_be32b49c._.js → 200 (49ms, ?B)
[2026-03-17T07:25:07.539Z] GET http://localhost:3000/_next/static/chunks/src_app_favicon_ico_mjs_81d86e48._.js → 200 (37ms, ?B)
[2026-03-17T07:25:07.539Z] GET http://localhost:3000/_next/static/chunks/node_modules_37ac4981._.js → pending (?ms, ?B)
[2026-03-17T07:25:07.539Z] GET http://localhost:3000/_next/static/chunks/src_app_providers_tsx_9c18dcf0._.js → pending (?ms, ?B)
[2026-03-17T07:25:07.539Z] GET http://localhost:3000/_next/static/chunks/src_app_layout_tsx_1cf6b850._.js → pending (?ms, ?B)
[2026-03-17T07:25:07.539Z] GET http://localhost:3000/_next/static/chunks/node_modules_3d332450._.js → pending (?ms, ?B)
[2026-03-17T07:25:07.539Z] GET http://localhost:3000/_next/static/chunks/_c5d8c4b7._.js → pending (?ms, ?B)
[2026-03-17T07:25:07.539Z] GET http://localhost:3000/_next/static/chunks/src_app_app_layout_tsx_c4469048._.js → pending (?ms, ?B)
[2026-03-17T07:25:07.539Z] GET http://localhost:3000/_next/static/chunks/src_62b565bb._.js → pending (?ms, ?B)
[2026-03-17T07:25:07.540Z] GET http://localhost:3000/_next/static/chunks/node_modules_5c4e19d6._.js → pending (?ms, ?B)
[2026-03-17T07:25:07.540Z] GET http://localhost:3000/_next/static/chunks/src_app_app_%5BpostId%5D_page_tsx_f56eeb8a._.js → pending (?ms, ?B)
[2026-03-17T07:25:07.540Z] GET http://localhost:3000/_next/static/chunks/node_modules_next_dist_client_components_builtin_global-error_1cf6b850.js → pending (?ms, ?B)
[2026-03-17T07:25:07.681Z] GET http://localhost:3000/_next/static/chunks/%5Bturbopack%5D_browser_dev_hmr-client_hmr-client_ts_c8c997ce._.js → 200 (38ms, 15433B)
[2026-03-17T07:25:07.681Z] GET http://localhost:3000/_next/static/chunks/%5Bturbopack%5D_browser_dev_hmr-client_hmr-client_ts_c7192189._.js → 200 (38ms, 288B)
[2026-03-17T07:25:07.725Z] GET http://localhost:3000/__nextjs_font/geist-latin.woff2 → 200 (1ms, ?B)
[2026-03-17T07:25:08.973Z] POST http://localhost:3000/api/auth → 200 (383ms, 642B)
[2026-03-17T07:26:51.462Z] POST http://localhost:3000/__nextjs_original-stack-frames → 200 (81ms, 1044B)
[2026-03-17T07:26:51.472Z] POST http://localhost:3000/__nextjs_original-stack-frames → 200 (70ms, 2491B)
[2026-03-17T07:29:08.859Z] GET http://localhost:3000/app/j979kjvfnrr1zfdnekpq8dqjnh832k51 → 200 (689ms, ?B)
[2026-03-17T07:29:09.688Z] GET http://localhost:3000/_next/static/media/5f402bd2d8eef81a-s.p.b72f0478.woff2 → 200 (?ms, ?B)
[2026-03-17T07:29:09.697Z] GET http://localhost:3000/_next/static/media/a343f882a40d2cc9-s.p.71e1367e.woff2 → 200 (30ms, ?B)
[2026-03-17T07:29:09.727Z] GET http://localhost:3000/_next/static/chunks/%5Broot-of-the-server%5D__6d41bae8._.css → pending (?ms, ?B)
[2026-03-17T07:29:09.730Z] GET http://localhost:3000/_next/static/chunks/%5Bturbopack%5D_browser_dev_hmr-client_hmr-client_ts_956a0d3a._.js → pending (?ms, ?B)
[2026-03-17T07:29:09.730Z] GET http://localhost:3000/_next/static/chunks/node_modules_next_dist_compiled_react-dom_1e674e59._.js → pending (?ms, ?B)
[2026-03-17T07:29:09.730Z] GET http://localhost:3000/_next/static/chunks/node_modules_next_dist_compiled_react-server-dom-turbopack_9212ccad._.js → pending (?ms, ?B)
[2026-03-17T07:29:09.730Z] GET http://localhost:3000/_next/static/chunks/node_modules_next_dist_compiled_next-devtools_index_1dd7fb59.js → pending (?ms, ?B)
[2026-03-17T07:29:09.755Z] GET http://localhost:3000/_next/static/chunks/node_modules_next_dist_compiled_a0e4c7b4._.js → pending (?ms, ?B)
[2026-03-17T07:29:09.755Z] GET http://localhost:3000/_next/static/chunks/node_modules_next_dist_client_17643121._.js → pending (?ms, ?B)
[2026-03-17T07:29:09.755Z] GET http://localhost:3000/_next/static/chunks/node_modules_next_dist_f3530cac._.js → pending (?ms, ?B)
[2026-03-17T07:29:09.755Z] GET http://localhost:3000/_next/static/chunks/node_modules_%40swc_helpers_cjs_d80fb378._.js → pending (?ms, ?B)
[2026-03-17T07:29:09.755Z] GET http://localhost:3000/_next/static/chunks/_a0ff3932._.js → pending (?ms, ?B)
[2026-03-17T07:29:09.755Z] GET http://localhost:3000/_next/static/chunks/turbopack-_23a915ee._.js → pending (?ms, ?B)
[2026-03-17T07:29:09.785Z] GET http://localhost:3000/_next/static/chunks/node_modules_next_dist_be32b49c._.js → pending (?ms, ?B)
[2026-03-17T07:29:09.785Z] GET http://localhost:3000/_next/static/chunks/src_app_favicon_ico_mjs_81d86e48._.js → pending (?ms, ?B)
[2026-03-17T07:29:09.789Z] GET http://localhost:3000/_next/static/chunks/node_modules_37ac4981._.js → pending (?ms, ?B)
[2026-03-17T07:29:09.790Z] GET http://localhost:3000/_next/static/chunks/src_app_providers_tsx_9c18dcf0._.js → pending (?ms, ?B)
[2026-03-17T07:29:09.792Z] GET http://localhost:3000/_next/static/chunks/src_app_layout_tsx_1cf6b850._.js → pending (?ms, ?B)
[2026-03-17T07:29:09.793Z] GET http://localhost:3000/_next/static/chunks/node_modules_3d332450._.js → pending (?ms, ?B)
[2026-03-17T07:29:09.857Z] GET http://localhost:3000/_next/static/chunks/_c5d8c4b7._.js → pending (?ms, ?B)
[2026-03-17T07:29:09.857Z] GET http://localhost:3000/_next/static/chunks/src_app_app_layout_tsx_c4469048._.js → pending (?ms, ?B)
[2026-03-17T07:29:09.857Z] GET http://localhost:3000/_next/static/chunks/src_62b565bb._.js → pending (?ms, ?B)
[2026-03-17T07:29:09.857Z] GET http://localhost:3000/_next/static/chunks/node_modules_5c4e19d6._.js → pending (?ms, ?B)
[2026-03-17T07:29:09.857Z] GET http://localhost:3000/_next/static/chunks/src_app_app_%5BpostId%5D_page_tsx_f56eeb8a._.js → pending (?ms, ?B)
[2026-03-17T07:29:09.857Z] GET http://localhost:3000/_next/static/chunks/node_modules_next_dist_client_components_builtin_global-error_1cf6b850.js → pending (?ms, ?B)
[2026-03-17T07:29:10.163Z] GET http://localhost:3000/_next/static/chunks/%5Bturbopack%5D_browser_dev_hmr-client_hmr-client_ts_c8c997ce._.js → 200 (87ms, 15433B)
[2026-03-17T07:29:10.163Z] GET http://localhost:3000/_next/static/chunks/%5Bturbopack%5D_browser_dev_hmr-client_hmr-client_ts_c7192189._.js → 200 (86ms, 288B)
[2026-03-17T07:29:10.299Z] GET http://localhost:3000/__nextjs_font/geist-latin.woff2 → 200 (1ms, ?B)
[2026-03-17T07:29:11.567Z] POST http://localhost:3000/api/auth → pending (?ms, ?B)
[2026-03-17T07:31:29.289Z] GET http://localhost:3000/app/j979kjvfnrr1zfdnekpq8dqjnh832k51/review?_rsc=mc8nl → pending (?ms, ?B)
[2026-03-17T07:31:31.435Z] GET http://localhost:3000/_next/static/chunks/_0c508bdc._.js → 200 (6ms, 129136B)
[2026-03-17T07:31:31.435Z] GET http://localhost:3000/_next/static/chunks/src_app_app_%5BpostId%5D_review_page_tsx_f56eeb8a._.js → 200 (6ms, 240B)
[2026-03-17T07:31:31.453Z] GET http://localhost:3000/_next/static/chunks/_0c508bdc._.js → 200 (5ms, 129136B)
[2026-03-17T07:31:31.454Z] GET http://localhost:3000/_next/static/chunks/src_app_app_%5BpostId%5D_review_page_tsx_f56eeb8a._.js → 200 (?ms, 240B)
[2026-03-17T07:33:18.760Z] GET http://localhost:3000/app/j979kjvfnrr1zfdnekpq8dqjnh832k51/review → pending (?ms, ?B)
[2026-03-17T07:33:18.792Z] GET http://localhost:3000/app/j979kjvfnrr1zfdnekpq8dqjnh832k51/review → pending (?ms, ?B)
[2026-03-17T07:33:18.792Z] GET http://localhost:3000/app/j979kjvfnrr1zfdnekpq8dqjnh832k51/review → pending (?ms, ?B)
[2026-03-17T07:33:18.836Z] GET http://localhost:3000/_next/static/chunks/%5Broot-of-the-server%5D__6d41bae8._.css → 200 (1ms, ?B)
[2026-03-17T07:33:21.338Z] GET http://localhost:3000/_next/static/media/5f402bd2d8eef81a-s.p.b72f0478.woff2 → 200 (?ms, ?B)
[2026-03-17T07:33:21.338Z] GET http://localhost:3000/_next/static/media/a343f882a40d2cc9-s.p.71e1367e.woff2 → 200 (?ms, ?B)
[2026-03-17T07:33:21.338Z] GET http://localhost:3000/_next/static/chunks/%5Broot-of-the-server%5D__6d41bae8._.css → 200 (4ms, 73419B)
[2026-03-17T07:33:21.340Z] GET http://localhost:3000/_next/static/chunks/%5Bturbopack%5D_browser_dev_hmr-client_hmr-client_ts_956a0d3a._.js → 200 (4ms, 671B)
[2026-03-17T07:33:21.340Z] GET http://localhost:3000/_next/static/chunks/node_modules_next_dist_compiled_react-dom_1e674e59._.js → 200 (60ms, 1047866B)
[2026-03-17T07:33:21.340Z] GET http://localhost:3000/_next/static/chunks/node_modules_next_dist_compiled_react-server-dom-turbopack_9212ccad._.js → 200 (11ms, 171046B)
[2026-03-17T07:33:21.340Z] GET http://localhost:3000/_next/static/chunks/node_modules_next_dist_compiled_next-devtools_index_1dd7fb59.js → 200 (60ms, 816065B)
[2026-03-17T07:33:21.340Z] GET http://localhost:3000/_next/static/chunks/node_modules_next_dist_compiled_a0e4c7b4._.js → 200 (15ms, 144411B)
[2026-03-17T07:33:21.340Z] GET http://localhost:3000/_next/static/chunks/node_modules_next_dist_client_17643121._.js → 200 (48ms, 621043B)
[2026-03-17T07:33:21.341Z] GET http://localhost:3000/_next/static/chunks/node_modules_next_dist_f3530cac._.js → 200 (31ms, 208383B)
[2026-03-17T07:33:21.341Z] GET http://localhost:3000/_next/static/chunks/node_modules_%40swc_helpers_cjs_d80fb378._.js → 200 (14ms, 1979B)
[2026-03-17T07:33:21.341Z] GET http://localhost:3000/_next/static/chunks/_a0ff3932._.js → 200 (14ms, 783B)
[2026-03-17T07:33:21.341Z] GET http://localhost:3000/_next/static/chunks/turbopack-_23a915ee._.js → 200 (34ms, 74970B)
[2026-03-17T07:33:21.341Z] GET http://localhost:3000/_next/static/chunks/node_modules_next_dist_be32b49c._.js → 200 (33ms, 126668B)
[2026-03-17T07:33:21.341Z] GET http://localhost:3000/_next/static/chunks/src_app_favicon_ico_mjs_81d86e48._.js → 200 (32ms, 262B)
[2026-03-17T07:33:21.341Z] GET http://localhost:3000/_next/static/chunks/node_modules_37ac4981._.js → 200 (56ms, 492576B)
[2026-03-17T07:33:21.341Z] GET http://localhost:3000/_next/static/chunks/src_app_providers_tsx_9c18dcf0._.js → 200 (35ms, 3749B)
[2026-03-17T07:33:21.341Z] GET http://localhost:3000/_next/static/chunks/src_app_layout_tsx_1cf6b850._.js → 200 (34ms, 363B)
[2026-03-17T07:33:21.342Z] GET http://localhost:3000/_next/static/chunks/node_modules_eb756b77._.js → 200 (47ms, 347965B)
[2026-03-17T07:33:21.342Z] GET http://localhost:3000/_next/static/chunks/_c5d8c4b7._.js → 200 (36ms, 43175B)
[2026-03-17T07:33:21.342Z] GET http://localhost:3000/_next/static/chunks/src_app_app_layout_tsx_c4469048._.js → 200 (36ms, 286B)
[2026-03-17T07:33:21.342Z] GET http://localhost:3000/_next/static/chunks/_0c508bdc._.js → 200 (58ms, 129136B)
[2026-03-17T07:33:21.342Z] GET http://localhost:3000/_next/static/chunks/src_app_app_%5BpostId%5D_review_page_tsx_7de84f83._.js → 200 (48ms, 240B)
[2026-03-17T07:33:21.342Z] GET http://localhost:3000/_next/static/chunks/node_modules_next_dist_client_components_builtin_global-error_1cf6b850.js → 200 (58ms, 206B)
[2026-03-17T07:33:21.415Z] GET http://localhost:3000/_next/static/chunks/%5Bturbopack%5D_browser_dev_hmr-client_hmr-client_ts_c8c997ce._.js → 200 (53ms, 15433B)
[2026-03-17T07:33:21.415Z] GET http://localhost:3000/_next/static/chunks/%5Bturbopack%5D_browser_dev_hmr-client_hmr-client_ts_c7192189._.js → 200 (52ms, 288B)
[2026-03-17T07:33:21.474Z] GET http://localhost:3000/__nextjs_font/geist-latin.woff2 → 200 (?ms, ?B)
[2026-03-17T07:33:22.748Z] POST http://localhost:3000/api/auth → pending (?ms, ?B)
[2026-03-17T07:34:36.211Z] GET http://localhost:3000/app/j979kjvfnrr1zfdnekpq8dqjnh832k51/review → 200 (869ms, 28291B)
[2026-03-17T07:34:37.084Z] GET http://localhost:3000/_next/static/media/5f402bd2d8eef81a-s.p.b72f0478.woff2 → 200 (?ms, ?B)
[2026-03-17T07:34:37.084Z] GET http://localhost:3000/_next/static/media/a343f882a40d2cc9-s.p.71e1367e.woff2 → 200 (?ms, ?B)
[2026-03-17T07:34:37.084Z] GET http://localhost:3000/_next/static/chunks/%5Broot-of-the-server%5D__6d41bae8._.css → 200 (5ms, 73419B)
[2026-03-17T07:34:37.085Z] GET http://localhost:3000/_next/static/chunks/%5Bturbopack%5D_browser_dev_hmr-client_hmr-client_ts_956a0d3a._.js → 200 (4ms, 671B)
[2026-03-17T07:34:37.085Z] GET http://localhost:3000/_next/static/chunks/node_modules_next_dist_compiled_react-dom_1e674e59._.js → pending (?ms, ?B)
[2026-03-17T07:34:37.085Z] GET http://localhost:3000/_next/static/chunks/node_modules_next_dist_compiled_react-server-dom-turbopack_9212ccad._.js → 200 (12ms, 171046B)
[2026-03-17T07:34:37.085Z] GET http://localhost:3000/_next/static/chunks/node_modules_next_dist_compiled_next-devtools_index_1dd7fb59.js → pending (?ms, ?B)
[2026-03-17T07:34:37.085Z] GET http://localhost:3000/_next/static/chunks/node_modules_next_dist_compiled_a0e4c7b4._.js → 200 (19ms, 144411B)
[2026-03-17T07:34:37.085Z] GET http://localhost:3000/_next/static/chunks/node_modules_next_dist_client_17643121._.js → 200 (42ms, ?B)
[2026-03-17T07:34:37.085Z] GET http://localhost:3000/_next/static/chunks/node_modules_next_dist_f3530cac._.js → 200 (27ms, 208383B)
[2026-03-17T07:34:37.085Z] GET http://localhost:3000/_next/static/chunks/node_modules_%40swc_helpers_cjs_d80fb378._.js → 200 (20ms, 1979B)
[2026-03-17T07:34:37.086Z] GET http://localhost:3000/_next/static/chunks/_a0ff3932._.js → 200 (19ms, 783B)
[2026-03-17T07:34:37.086Z] GET http://localhost:3000/_next/static/chunks/turbopack-_23a915ee._.js → 200 (24ms, 74970B)
[2026-03-17T07:34:37.086Z] GET http://localhost:3000/_next/static/chunks/node_modules_next_dist_be32b49c._.js → 200 (26ms, 126668B)
[2026-03-17T07:34:37.086Z] GET http://localhost:3000/_next/static/chunks/src_app_favicon_ico_mjs_81d86e48._.js → 200 (26ms, 262B)
[2026-03-17T07:34:37.086Z] GET http://localhost:3000/_next/static/chunks/node_modules_37ac4981._.js → pending (?ms, ?B)
[2026-03-17T07:34:37.086Z] GET http://localhost:3000/_next/static/chunks/src_app_providers_tsx_9c18dcf0._.js → 200 (38ms, 3749B)
[2026-03-17T07:34:37.086Z] GET http://localhost:3000/_next/static/chunks/src_app_layout_tsx_1cf6b850._.js → 200 (38ms, 363B)
[2026-03-17T07:34:37.086Z] GET http://localhost:3000/_next/static/chunks/node_modules_eb756b77._.js → pending (?ms, ?B)
[2026-03-17T07:34:37.086Z] GET http://localhost:3000/_next/static/chunks/_c5d8c4b7._.js → 200 (38ms, 43326B)
[2026-03-17T07:34:37.086Z] GET http://localhost:3000/_next/static/chunks/src_app_app_layout_tsx_c4469048._.js → 200 (41ms, ?B)
[2026-03-17T07:34:37.086Z] GET http://localhost:3000/_next/static/chunks/_0c508bdc._.js → pending (?ms, ?B)
[2026-03-17T07:34:37.086Z] GET http://localhost:3000/_next/static/chunks/src_app_app_%5BpostId%5D_review_page_tsx_7de84f83._.js → pending (?ms, ?B)
[2026-03-17T07:34:37.086Z] GET http://localhost:3000/_next/static/chunks/node_modules_next_dist_client_components_builtin_global-error_1cf6b850.js → pending (?ms, ?B)
[2026-03-17T07:34:37.152Z] GET http://localhost:3000/_next/static/chunks/%5Bturbopack%5D_browser_dev_hmr-client_hmr-client_ts_c8c997ce._.js → 200 (44ms, 15433B)
[2026-03-17T07:34:37.152Z] GET http://localhost:3000/_next/static/chunks/%5Bturbopack%5D_browser_dev_hmr-client_hmr-client_ts_c7192189._.js → 200 (44ms, 288B)
[2026-03-17T07:34:37.207Z] GET http://localhost:3000/__nextjs_font/geist-latin.woff2 → 200 (?ms, ?B)
[2026-03-17T07:34:38.421Z] POST http://localhost:3000/api/auth → pending (?ms, ?B)
[2026-03-17T07:35:00.344Z] GET http://localhost:3000/app/j979kjvfnrr1zfdnekpq8dqjnh832k51 → pending (?ms, ?B)
[2026-03-17T07:35:01.192Z] GET http://localhost:3000/_next/static/media/5f402bd2d8eef81a-s.p.b72f0478.woff2 → 200 (3ms, ?B)
[2026-03-17T07:35:01.196Z] GET http://localhost:3000/_next/static/media/a343f882a40d2cc9-s.p.71e1367e.woff2 → 200 (?ms, ?B)
[2026-03-17T07:35:01.196Z] GET http://localhost:3000/_next/static/chunks/%5Broot-of-the-server%5D__6d41bae8._.css → 200 (4ms, 73419B)
[2026-03-17T07:35:01.196Z] GET http://localhost:3000/_next/static/chunks/%5Bturbopack%5D_browser_dev_hmr-client_hmr-client_ts_956a0d3a._.js → 200 (4ms, 671B)
[2026-03-17T07:35:01.197Z] GET http://localhost:3000/_next/static/chunks/node_modules_next_dist_compiled_react-dom_1e674e59._.js → 200 (66ms, 1047866B)
[2026-03-17T07:35:01.197Z] GET http://localhost:3000/_next/static/chunks/node_modules_next_dist_compiled_react-server-dom-turbopack_9212ccad._.js → 200 (16ms, 171046B)
[2026-03-17T07:35:01.197Z] GET http://localhost:3000/_next/static/chunks/node_modules_next_dist_compiled_next-devtools_index_1dd7fb59.js → 200 (66ms, 816065B)
[2026-03-17T07:35:01.197Z] GET http://localhost:3000/_next/static/chunks/node_modules_next_dist_compiled_a0e4c7b4._.js → 200 (21ms, 144411B)
[2026-03-17T07:35:01.197Z] GET http://localhost:3000/_next/static/chunks/node_modules_next_dist_client_17643121._.js → 200 (46ms, 621043B)
[2026-03-17T07:35:01.197Z] GET http://localhost:3000/_next/static/chunks/node_modules_next_dist_f3530cac._.js → 200 (27ms, 208383B)
[2026-03-17T07:35:01.198Z] GET http://localhost:3000/_next/static/chunks/node_modules_%40swc_helpers_cjs_d80fb378._.js → 200 (26ms, 1979B)
[2026-03-17T07:35:01.198Z] GET http://localhost:3000/_next/static/chunks/_a0ff3932._.js → 200 (26ms, 783B)
[2026-03-17T07:35:01.198Z] GET http://localhost:3000/_next/static/chunks/turbopack-_23a915ee._.js → 200 (35ms, 74970B)
[2026-03-17T07:35:01.198Z] GET http://localhost:3000/_next/static/chunks/node_modules_next_dist_be32b49c._.js → 200 (35ms, 126668B)
[2026-03-17T07:35:01.198Z] GET http://localhost:3000/_next/static/chunks/src_app_favicon_ico_mjs_81d86e48._.js → 200 (35ms, 262B)
[2026-03-17T07:35:01.198Z] GET http://localhost:3000/_next/static/chunks/node_modules_37ac4981._.js → 200 (65ms, 492576B)
[2026-03-17T07:35:01.199Z] GET http://localhost:3000/_next/static/chunks/src_app_providers_tsx_9c18dcf0._.js → 200 (34ms, 3749B)
[2026-03-17T07:35:01.199Z] GET http://localhost:3000/_next/static/chunks/src_app_layout_tsx_1cf6b850._.js → 200 (36ms, 363B)
[2026-03-17T07:35:01.199Z] GET http://localhost:3000/_next/static/chunks/node_modules_eb756b77._.js → 200 (64ms, 347965B)
[2026-03-17T07:35:01.199Z] GET http://localhost:3000/_next/static/chunks/_c5d8c4b7._.js → 200 (43ms, 43326B)
[2026-03-17T07:35:01.199Z] GET http://localhost:3000/_next/static/chunks/src_app_app_layout_tsx_c4469048._.js → 200 (45ms, 286B)
[2026-03-17T07:35:01.199Z] GET http://localhost:3000/_next/static/chunks/src_62b565bb._.js → 200 (64ms, 148856B)
[2026-03-17T07:35:01.199Z] GET http://localhost:3000/_next/static/chunks/node_modules_5c4e19d6._.js → 200 (72ms, 720733B)
[2026-03-17T07:35:01.199Z] GET http://localhost:3000/_next/static/chunks/src_app_app_%5BpostId%5D_page_tsx_7de84f83._.js → 200 (64ms, 289B)
[2026-03-17T07:35:01.199Z] GET http://localhost:3000/_next/static/chunks/node_modules_next_dist_client_components_builtin_global-error_1cf6b850.js → 200 (64ms, 206B)
[2026-03-17T07:35:01.271Z] GET http://localhost:3000/_next/static/chunks/%5Bturbopack%5D_browser_dev_hmr-client_hmr-client_ts_c8c997ce._.js → 200 (44ms, 15433B)
[2026-03-17T07:35:01.271Z] GET http://localhost:3000/_next/static/chunks/%5Bturbopack%5D_browser_dev_hmr-client_hmr-client_ts_c7192189._.js → 200 (44ms, 288B)
[2026-03-17T07:35:01.342Z] GET http://localhost:3000/__nextjs_font/geist-latin.woff2 → 200 (1ms, ?B)
[2026-03-17T07:35:02.635Z] POST http://localhost:3000/api/auth → 200 (419ms, ?B)
[2026-03-17T07:35:47.831Z] GET http://localhost:3000/ → 200 (56ms, 40838B)
[2026-03-17T07:35:47.900Z] GET http://localhost:3000/_next/static/media/5f402bd2d8eef81a-s.p.b72f0478.woff2 → 200 (?ms, ?B)
[2026-03-17T07:35:47.900Z] GET http://localhost:3000/_next/static/media/a343f882a40d2cc9-s.p.71e1367e.woff2 → 200 (1ms, ?B)
[2026-03-17T07:35:47.901Z] GET http://localhost:3000/_next/static/chunks/%5Broot-of-the-server%5D__6d41bae8._.css → 200 (2ms, 73419B)
[2026-03-17T07:35:47.901Z] GET http://localhost:3000/_next/static/chunks/%5Bturbopack%5D_browser_dev_hmr-client_hmr-client_ts_956a0d3a._.js → 200 (2ms, 671B)
[2026-03-17T07:35:47.901Z] GET http://localhost:3000/_next/static/chunks/node_modules_next_dist_compiled_react-dom_1e674e59._.js → 200 (63ms, 1047866B)
[2026-03-17T07:35:47.901Z] GET http://localhost:3000/_next/static/chunks/node_modules_next_dist_compiled_react-server-dom-turbopack_9212ccad._.js → 200 (20ms, 171046B)
[2026-03-17T07:35:47.901Z] GET http://localhost:3000/_next/static/chunks/node_modules_next_dist_compiled_next-devtools_index_1dd7fb59.js → 200 (63ms, 816065B)
[2026-03-17T07:35:47.901Z] GET http://localhost:3000/_next/static/chunks/node_modules_next_dist_compiled_a0e4c7b4._.js → 200 (23ms, 144411B)
[2026-03-17T07:35:47.901Z] GET http://localhost:3000/_next/static/chunks/node_modules_next_dist_client_17643121._.js → 200 (43ms, 621043B)
[2026-03-17T07:35:47.901Z] GET http://localhost:3000/_next/static/chunks/node_modules_next_dist_f3530cac._.js → 200 (24ms, 208383B)
[2026-03-17T07:35:47.901Z] GET http://localhost:3000/_next/static/chunks/node_modules_%40swc_helpers_cjs_d80fb378._.js → 200 (24ms, 1979B)
[2026-03-17T07:35:47.901Z] GET http://localhost:3000/_next/static/chunks/_a0ff3932._.js → 200 (23ms, 783B)
[2026-03-17T07:35:47.901Z] GET http://localhost:3000/_next/static/chunks/turbopack-_23a915ee._.js → 200 (34ms, 74970B)
[2026-03-17T07:35:47.901Z] GET http://localhost:3000/_next/static/chunks/node_modules_next_dist_be32b49c._.js → 200 (34ms, 126668B)
[2026-03-17T07:35:47.902Z] GET http://localhost:3000/_next/static/chunks/src_app_favicon_ico_mjs_81d86e48._.js → 200 (30ms, 262B)
[2026-03-17T07:35:47.902Z] GET http://localhost:3000/_next/static/chunks/node_modules_37ac4981._.js → 200 (62ms, 492576B)
[2026-03-17T07:35:47.902Z] GET http://localhost:3000/_next/static/chunks/src_app_providers_tsx_9c18dcf0._.js → 200 (37ms, 3749B)
[2026-03-17T07:35:47.902Z] GET http://localhost:3000/_next/static/chunks/src_app_layout_tsx_1cf6b850._.js → 200 (37ms, 363B)
[2026-03-17T07:35:47.902Z] GET http://localhost:3000/_next/static/chunks/node_modules_5e3c1c7e._.js → 200 (62ms, 254079B)
[2026-03-17T07:35:47.902Z] GET http://localhost:3000/_next/static/chunks/src_2bf0624e._.js → 200 (39ms, 6741B)
[2026-03-17T07:35:47.902Z] GET http://localhost:3000/_next/static/chunks/src_app_page_tsx_c4469048._.js → 200 (41ms, 289B)
[2026-03-17T07:35:47.902Z] GET http://localhost:3000/_next/static/chunks/node_modules_next_dist_client_components_builtin_global-error_1cf6b850.js → 200 (61ms, 206B)
[2026-03-17T07:35:47.972Z] GET http://localhost:3000/_next/static/chunks/%5Bturbopack%5D_browser_dev_hmr-client_hmr-client_ts_c8c997ce._.js → 200 (40ms, 15433B)
[2026-03-17T07:35:47.972Z] GET http://localhost:3000/_next/static/chunks/%5Bturbopack%5D_browser_dev_hmr-client_hmr-client_ts_c7192189._.js → 200 (39ms, 288B)
[2026-03-17T07:35:48.018Z] GET http://localhost:3000/__nextjs_font/geist-latin.woff2 → 200 (1ms, ?B)
[2026-03-17T07:35:49.332Z] POST http://localhost:3000/api/auth → 200 (553ms, 642B)
[2026-03-17T07:36:11.179Z] GET http://localhost:3000/sign-in → pending (?ms, ?B)
[2026-03-17T07:36:11.753Z] GET http://localhost:3000/app → 200 (412ms, 26202B)
[2026-03-17T07:36:12.172Z] GET http://localhost:3000/_next/static/media/5f402bd2d8eef81a-s.p.b72f0478.woff2 → 200 (?ms, ?B)
[2026-03-17T07:36:12.172Z] GET http://localhost:3000/_next/static/media/a343f882a40d2cc9-s.p.71e1367e.woff2 → 200 (?ms, ?B)
[2026-03-17T07:36:12.172Z] GET http://localhost:3000/_next/static/chunks/%5Broot-of-the-server%5D__6d41bae8._.css → 200 (7ms, 73419B)
[2026-03-17T07:36:12.173Z] GET http://localhost:3000/_next/static/chunks/%5Bturbopack%5D_browser_dev_hmr-client_hmr-client_ts_956a0d3a._.js → 200 (6ms, 671B)
[2026-03-17T07:36:12.173Z] GET http://localhost:3000/_next/static/chunks/node_modules_next_dist_compiled_react-dom_1e674e59._.js → pending (?ms, ?B)
[2026-03-17T07:36:12.173Z] GET http://localhost:3000/_next/static/chunks/node_modules_next_dist_compiled_react-server-dom-turbopack_9212ccad._.js → 200 (21ms, 171046B)
[2026-03-17T07:36:12.173Z] GET http://localhost:3000/_next/static/chunks/node_modules_next_dist_compiled_next-devtools_index_1dd7fb59.js → pending (?ms, ?B)
[2026-03-17T07:36:12.173Z] GET http://localhost:3000/_next/static/chunks/node_modules_next_dist_compiled_a0e4c7b4._.js → 200 (21ms, 144411B)
[2026-03-17T07:36:12.173Z] GET http://localhost:3000/_next/static/chunks/node_modules_next_dist_client_17643121._.js → pending (?ms, ?B)
[2026-03-17T07:36:12.173Z] GET http://localhost:3000/_next/static/chunks/node_modules_next_dist_f3530cac._.js → 200 (39ms, ?B)
[2026-03-17T07:36:12.173Z] GET http://localhost:3000/_next/static/chunks/node_modules_%40swc_helpers_cjs_d80fb378._.js → 200 (22ms, 1979B)
[2026-03-17T07:36:12.173Z] GET http://localhost:3000/_next/static/chunks/_a0ff3932._.js → 200 (21ms, 783B)
[2026-03-17T07:36:12.173Z] GET http://localhost:3000/_next/static/chunks/turbopack-_23a915ee._.js → 200 (41ms, ?B)
[2026-03-17T07:36:12.173Z] GET http://localhost:3000/_next/static/chunks/node_modules_next_dist_be32b49c._.js → 200 (42ms, ?B)
[2026-03-17T07:36:12.173Z] GET http://localhost:3000/_next/static/chunks/src_app_favicon_ico_mjs_81d86e48._.js → 200 (42ms, ?B)
[2026-03-17T07:36:12.173Z] GET http://localhost:3000/_next/static/chunks/node_modules_37ac4981._.js → pending (?ms, ?B)
[2026-03-17T07:36:12.173Z] GET http://localhost:3000/_next/static/chunks/src_app_providers_tsx_9c18dcf0._.js → 200 (45ms, ?B)
[2026-03-17T07:36:12.174Z] GET http://localhost:3000/_next/static/chunks/src_app_layout_tsx_1cf6b850._.js → 200 (43ms, ?B)
[2026-03-17T07:36:12.174Z] GET http://localhost:3000/_next/static/chunks/node_modules_eb756b77._.js → pending (?ms, ?B)
[2026-03-17T07:36:12.174Z] GET http://localhost:3000/_next/static/chunks/_c5d8c4b7._.js → pending (?ms, ?B)
[2026-03-17T07:36:12.174Z] GET http://localhost:3000/_next/static/chunks/src_app_app_layout_tsx_c4469048._.js → pending (?ms, ?B)
[2026-03-17T07:36:12.174Z] GET http://localhost:3000/_next/static/chunks/_41b4e934._.js → pending (?ms, ?B)
[2026-03-17T07:36:12.174Z] GET http://localhost:3000/_next/static/chunks/src_app_app_page_tsx_7de84f83._.js → pending (?ms, ?B)
[2026-03-17T07:36:12.174Z] GET http://localhost:3000/_next/static/chunks/node_modules_next_dist_client_components_builtin_global-error_1cf6b850.js → pending (?ms, ?B)
[2026-03-17T07:36:12.282Z] GET http://localhost:3000/_next/static/chunks/%5Bturbopack%5D_browser_dev_hmr-client_hmr-client_ts_c8c997ce._.js → 200 (14ms, 15433B)
[2026-03-17T07:36:12.282Z] GET http://localhost:3000/_next/static/chunks/%5Bturbopack%5D_browser_dev_hmr-client_hmr-client_ts_c7192189._.js → 200 (13ms, 288B)
[2026-03-17T07:36:12.303Z] GET http://localhost:3000/__nextjs_font/geist-latin.woff2 → 200 (?ms, ?B)
[2026-03-17T07:36:13.522Z] POST http://localhost:3000/api/auth → 200 (409ms, 642B)
[2026-03-17T07:46:00.518Z] GET http://localhost:3000/_next/static/chunks/%5Broot-of-the-server%5D__6d41bae8._.css → 200 (57ms, 79078B)
[2026-03-17T07:47:01.218Z] GET http://localhost:3000/_next/static/chunks/%5Broot-of-the-server%5D__6d41bae8._.css → 200 (1ms, 79311B)
[2026-03-17T07:47:11.267Z] GET http://localhost:3000/_next/static/chunks/%5Broot-of-the-server%5D__6d41bae8._.css → 200 (1ms, 79390B)
[2026-03-17T07:47:50.554Z] GET http://localhost:3000/_next/static/chunks/%5Broot-of-the-server%5D__6d41bae8._.css → 200 (2ms, 80933B)
[2026-03-17T07:48:12.125Z] GET http://localhost:3000/_next/static/chunks/%5Broot-of-the-server%5D__6d41bae8._.css → 200 (4ms, 80705B)
[2026-03-17T07:50:26.553Z] GET http://localhost:3000/app?_rsc=1cwdv → pending (?ms, ?B)
[2026-03-17T07:50:26.572Z] GET http://localhost:3000/_next/static/chunks/%5Broot-of-the-server%5D__6d41bae8._.css → 200 (147ms, 81276B)
[2026-03-17T07:50:27.713Z] GET http://localhost:3000/_next/static/chunks/src_components_posts_empty-state_tsx_1bc0879c._.js → 200 (1ms, 7280B)
[2026-03-17T07:50:27.738Z] GET http://localhost:3000/_next/static/chunks/src_components_posts_empty-state_tsx_1bc0879c._.js → 200 (2ms, 7280B)
